<?xml version="1.0" encoding="UTF-8"?>
<!-- Generated by org.testng.reporters.JUnitReportReporter -->
<testsuite hostname="DESKTOP-49249FS" failures="0" tests="1" name="WSR.WSRs.WSRPageTest" time="23.848" errors="0" timestamp="2021-08-03T16:23:39 UYT" skipped="0">
  <testcase classname="WSR.WSRs.WSRPageTest" name="wsrSendRecordToManager" time="23.848"/>
  <system-out/>
</testsuite> <!-- WSR.WSRs.WSRPageTest -->
