<?xml version="1.0" encoding="UTF-8"?>
<!-- Generated by org.testng.reporters.JUnitReportReporter -->
<testsuite hostname="DESKTOP-49249FS" failures="0" tests="16" name="cucumberOptions.TestRunner" time="422.616" errors="0" timestamp="2021-08-12T11:50:41 UYT" skipped="0">
  <testcase classname="cucumberOptions.TestRunner" name="runScenario" time="21.065"/>
  <system-out/>
  <testcase classname="cucumberOptions.TestRunner" name="runScenario" time="21.285"/>
  <system-out/>
  <testcase classname="cucumberOptions.TestRunner" name="runScenario" time="19.346"/>
  <system-out/>
  <testcase classname="cucumberOptions.TestRunner" name="runScenario" time="27.911"/>
  <system-out/>
  <testcase classname="cucumberOptions.TestRunner" name="runScenario" time="33.302"/>
  <system-out/>
  <testcase classname="cucumberOptions.TestRunner" name="runScenario" time="19.481"/>
  <system-out/>
  <testcase classname="cucumberOptions.TestRunner" name="runScenario" time="22.433"/>
  <system-out/>
  <testcase classname="cucumberOptions.TestRunner" name="runScenario" time="28.708"/>
  <system-out/>
  <testcase classname="cucumberOptions.TestRunner" name="runScenario" time="38.145"/>
  <system-out/>
  <testcase classname="cucumberOptions.TestRunner" name="runScenario" time="36.747"/>
  <system-out/>
  <testcase classname="cucumberOptions.TestRunner" name="runScenario" time="20.778"/>
  <system-out/>
  <testcase classname="cucumberOptions.TestRunner" name="runScenario" time="19.177"/>
  <system-out/>
  <testcase classname="cucumberOptions.TestRunner" name="runScenario" time="33.102"/>
  <system-out/>
  <testcase classname="cucumberOptions.TestRunner" name="runScenario" time="29.280"/>
  <system-out/>
  <testcase classname="cucumberOptions.TestRunner" name="runScenario" time="22.628"/>
  <system-out/>
  <testcase classname="cucumberOptions.TestRunner" name="runScenario" time="29.228"/>
  <system-out/>
</testsuite> <!-- cucumberOptions.TestRunner -->
