<?xml version="1.0" encoding="UTF-8"?>
<!-- Generated by org.testng.reporters.JUnitReportReporter -->
<testsuite hostname="DESKTOP-49249FS" failures="0" tests="1" name="WSR.WSRs.TestData" time="0.420" errors="0" timestamp="2021-08-02T10:12:15 UYT" skipped="0">
  <testcase classname="WSR.WSRs.TestData" name="data" time="0.420"/>
  <system-out/>
</testsuite> <!-- WSR.WSRs.TestData -->
