<?xml version="1.0" encoding="UTF-8"?>
<!-- Generated by org.testng.reporters.JUnitReportReporter -->
<testsuite hostname="DESKTOP-49249FS" failures="0" tests="16" name="WSR.WSRs.WSRPageTest" time="565.275" errors="0" timestamp="2021-08-12T12:05:16 UYT" skipped="0">
  <testcase classname="WSR.WSRs.WSRPageTest" name="createNewHeaderWithWrongInput" time="38.053"/>
  <system-out/>
  <testcase classname="WSR.WSRs.WSRPageTest" name="wsrBodyValidationDaysFieldsEmpty" time="52.612"/>
  <system-out/>
  <testcase classname="WSR.WSRs.WSRPageTest" name="employeeEditHeaderCancelAndValidate" time="24.278"/>
  <system-out/>
  <testcase classname="WSR.WSRs.WSRPageTest" name="createNewHeaderWithoutProperEmail" time="30.676"/>
  <system-out/>
  <testcase classname="WSR.WSRs.WSRPageTest" name="wsrBodyValidationExtraHours" time="44.066"/>
  <system-out/>
  <testcase classname="WSR.WSRs.WSRPageTest" name="wsrBodyValidateSprintDatesSameDate" time="50.624"/>
  <system-out/>
  <testcase classname="WSR.WSRs.WSRPageTest" name="wsrBodyValidateSprintDatesEndBeforeStart" time="55.613"/>
  <system-out/>
  <testcase classname="WSR.WSRs.WSRPageTest" name="employeeEditHeader" time="24.442"/>
  <system-out/>
  <testcase classname="WSR.WSRs.WSRPageTest" name="createNewHeader" time="31.633"/>
  <system-out/>
  <testcase classname="WSR.WSRs.WSRPageTest" name="errorCreatingHeaderOneAllowedPerUser" time="30.769"/>
  <system-out/>
  <testcase classname="WSR.WSRs.WSRPageTest" name="wsrBodyValidationStoriesAmount" time="30.909"/>
  <system-out/>
  <testcase classname="WSR.WSRs.WSRPageTest" name="createNewHeaderWithoutName" time="30.691"/>
  <system-out/>
  <testcase classname="WSR.WSRs.WSRPageTest" name="wsrBodyCreation" time="40.760"/>
  <system-out/>
  <testcase classname="WSR.WSRs.WSRPageTest" name="createNewHeaderWithoutUser" time="29.903"/>
  <system-out/>
  <testcase classname="WSR.WSRs.WSRPageTest" name="wsrBodyValidationFieldsPresent" time="28.894"/>
  <system-out/>
  <testcase classname="WSR.WSRs.WSRPageTest" name="wsrSendRecordToManager" time="21.352"/>
  <system-out/>
</testsuite> <!-- WSR.WSRs.WSRPageTest -->
